Arguments: 
  C:\Program Files\nodejs\node.exe C:\Users\Prathamesh\AppData\Roaming\npm\node_modules\yarn\bin\yarn.js add -D typescript ts-node nodemon @graphql-codegen/cli @graphql-codegen/typescript @graphql-codege/typescript-resolvers

PATH: 
  C:\WINDOWS\system32;C:\WINDOWS;C:\WINDOWS\System32\Wbem;C:\WINDOWS\System32\WindowsPowerShell\v1.0\;C:\WINDOWS\System32\OpenSSH\;C:\Program Files\Git\cmd;C:\Users\Prathamesh\AppData\Roaming\nvm;C:\Program Files\nodejs;C:\Program Files\MySQL\MySQL Shell 8.0\bin\;C:\Users\Prathamesh\AppData\Local\pnpm;C:\Users\Prathamesh\AppData\Local\Microsoft\WindowsApps;C:\Users\Prathamesh\AppData\Local\Programs\Microsoft VS Code\bin;C:\Users\Prathamesh\AppData\Roaming\npm;C:\Users\Prathamesh\AppData\Roaming\nvm;C:\Program Files\nodejs;C:\Program Files\Apache24\bin;

Yarn version: 
  1.22.19

Node version: 
  16.18.1

Platform: 
  win32 x64

Trace: 
  Error: https://registry.yarnpkg.com/@graphql-codege%2ftypescript-resolvers: Not found
      at Request.params.callback [as _callback] (C:\Users\Prathamesh\AppData\Roaming\npm\node_modules\yarn\lib\cli.js:66145:18)
      at Request.self.callback (C:\Users\Prathamesh\AppData\Roaming\npm\node_modules\yarn\lib\cli.js:140890:22)
      at Request.emit (node:events:513:28)
      at Request.<anonymous> (C:\Users\Prathamesh\AppData\Roaming\npm\node_modules\yarn\lib\cli.js:141862:10)
      at Request.emit (node:events:513:28)
      at IncomingMessage.<anonymous> (C:\Users\Prathamesh\AppData\Roaming\npm\node_modules\yarn\lib\cli.js:141784:12)
      at Object.onceWrapper (node:events:627:28)
      at IncomingMessage.emit (node:events:525:35)
      at endReadableNT (node:internal/streams/readable:1358:12)
      at processTicksAndRejections (node:internal/process/task_queues:83:21)

npm manifest: 
  {
    "name": "apollo-server-v4",
    "version": "1.0.0",
    "main": "index.js",
    "license": "MIT"
  }

yarn manifest: 
  No manifest

Lockfile: 
  No lockfile
